#
# A fatal error has been detected by the Java Runtime Environment:
#
#  EXCEPTION_ACCESS_VIOLATION (0xc0000005) at pc=0x00007ffe109d1b65, pid=15148, tid=0x0000000000002b18
#
# JRE version: Java(TM) SE Runtime Environment (8.0_201-b09) (build 1.8.0_201-b09)
# Java VM: Java HotSpot(TM) 64-Bit Server VM (25.201-b09 mixed mode windows-amd64 compressed oops)
# Problematic frame:
# C  [glfw.dll+0x1b65]
#
# Failed to write core dump. Minidumps are not enabled by default on client versions of Windows
#
# If you would like to submit a bug report, please visit:
#   http://bugreport.java.com/bugreport/crash.jsp
# The crash happened outside the Java Virtual Machine in native code.
# See problematic frame for where to report the bug.
#

---------------  T H R E A D  ---------------

Current thread (0x0000000002c47000):  JavaThread "main" [_thread_in_native, id=11032, stack(0x0000000002b40000,0x0000000002c40000)]

siginfo: ExceptionCode=0xc0000005, reading address 0x00000000000001f9

Registers:
RAX=0x00007ffe11e91b10, RBX=0x000000001750a100, RCX=0x0000000000000001, RDX=0x0000000002c3f300
RSP=0x0000000002c3f268, RBP=0x0000000002c3f2f0, RSI=0x0000000000000128, RDI=0x0000000002e483fd
R8 =0x0000000000000001, R9 =0x00007ffe109d1b50, R10=0x0000000002e61dc4, R11=0x000000006bdccd40
R12=0x0000000000000000, R13=0x000000001750a100, R14=0x0000000002c3f328, R15=0x0000000002c47000
RIP=0x00007ffe109d1b65, EFLAGS=0x0000000000010202

Top of Stack: (sp=0x0000000002c3f268)
0x0000000002c3f268:   0000000002e61df0 00000001000b13e8
0x0000000002c3f278:   0000000002c47000 000000001754e6f0
0x0000000002c3f288:   0000000002c47000 0000006e00000019
0x0000000002c3f298:   000000001754e6f0 0000000002c47000
0x0000000002c3f2a8:   0000000017547ef6 0000000002c3f2b0
0x0000000002c3f2b8:   0000000000000000 0000000002c3f328
0x0000000002c3f2c8:   0000000017534d38 0000000000000000
0x0000000002c3f2d8:   000000001750a100 0000000000000000
0x0000000002c3f2e8:   0000000002c3f310 0000000002c3f370
0x0000000002c3f2f8:   0000000002e483fd 00000000d698c890
0x0000000002c3f308:   0000000002e57a58 00007ffe109d1b50
0x0000000002c3f318:   0000000002e47f10 0000000000000001
0x0000000002c3f328:   0000000000000001 0000000002c3f330
0x0000000002c3f338:   00000000175480a1 0000000002c3f398
0x0000000002c3f348:   000000001754c140 0000000000000000
0x0000000002c3f358:   00000000175480d0 0000000002c3f310 

Instructions: (pc=0x00007ffe109d1b65)
0x00007ffe109d1b45:   cc cc cc cc cc cc cc cc cc cc cc 83 3d 99 5f 05
0x00007ffe109d1b55:   00 00 75 0c 33 d2 b9 01 00 01 00 e9 fb 00 00 00
0x00007ffe109d1b65:   83 b9 f8 01 00 00 00 75 11 48 8d 15 db 7e 02 00
0x00007ffe109d1b75:   b9 0a 00 01 00 e9 e1 00 00 00 48 ff a1 48 02 00 


Register to memory mapping:

RAX=0x00007ffe11e91b10 is an unknown value
RBX={method} {0x000000001750a108} 'invokePV' '(JJ)V' in 'org/lwjgl/system/JNI'
RCX=0x0000000000000001 is an unknown value
RDX=0x0000000002c3f300 is pointing into the stack for thread: 0x0000000002c47000
RSP=0x0000000002c3f268 is pointing into the stack for thread: 0x0000000002c47000
RBP=0x0000000002c3f2f0 is pointing into the stack for thread: 0x0000000002c47000
RSI=0x0000000000000128 is an unknown value
RDI=0x0000000002e483fd is at code_begin+2301 in an Interpreter codelet
invoke return entry points  [0x0000000002e47b00, 0x0000000002e484e0]  2528 bytes
R8 =0x0000000000000001 is an unknown value
R9 =0x00007ffe109d1b50 is an unknown value
R10=0x0000000002e61dc4 is at code_begin+1700 in an Interpreter codelet
method entry point (kind = native)  [0x0000000002e61720, 0x0000000002e627e0]  4288 bytes
R11=0x000000006bdccd40 is an unknown value
R12=0x0000000000000000 is an unknown value
R13={method} {0x000000001750a108} 'invokePV' '(JJ)V' in 'org/lwjgl/system/JNI'
R14=0x0000000002c3f328 is pointing into the stack for thread: 0x0000000002c47000
R15=0x0000000002c47000 is a thread


Stack: [0x0000000002b40000,0x0000000002c40000],  sp=0x0000000002c3f268,  free space=1020k
Native frames: (J=compiled Java code, j=interpreted, Vv=VM code, C=native code)
C  [glfw.dll+0x1b65]

Java frames: (J=compiled Java code, j=interpreted, Vv=VM code)
j  org.lwjgl.system.JNI.invokePV(JJ)V+0
j  org.lwjgl.glfw.GLFW.glfwSwapBuffers(J)V+17
j  RenderEngine.DisplayManager.init()V+211
j  GameTester.GameLoop.main([Ljava/lang/String;)V+0
v  ~StubRoutines::call_stub

---------------  P R O C E S S  ---------------

Java Threads: ( => current thread )
  0x00000000198c9800 JavaThread "Service Thread" daemon [_thread_blocked, id=13280, stack(0x000000001a210000,0x000000001a310000)]
  0x0000000019830800 JavaThread "C1 CompilerThread2" daemon [_thread_blocked, id=10368, stack(0x000000001a110000,0x000000001a210000)]
  0x000000001982c800 JavaThread "C2 CompilerThread1" daemon [_thread_blocked, id=15344, stack(0x000000001a010000,0x000000001a110000)]
  0x000000001982c000 JavaThread "C2 CompilerThread0" daemon [_thread_in_native, id=5548, stack(0x0000000019f10000,0x000000001a010000)]
  0x00000000179d7800 JavaThread "JDWP Command Reader" daemon [_thread_in_native, id=6668, stack(0x0000000019210000,0x0000000019310000)]
  0x00000000179d4000 JavaThread "JDWP Event Helper Thread" daemon [_thread_blocked, id=4488, stack(0x0000000019110000,0x0000000019210000)]
  0x00000000179c7800 JavaThread "JDWP Transport Listener: dt_socket" daemon [_thread_blocked, id=2148, stack(0x0000000019010000,0x0000000019110000)]
  0x00000000179bb800 JavaThread "Attach Listener" daemon [_thread_blocked, id=8656, stack(0x0000000018f10000,0x0000000019010000)]
  0x00000000179ba800 JavaThread "Signal Dispatcher" daemon [_thread_blocked, id=7272, stack(0x0000000018e10000,0x0000000018f10000)]
  0x0000000002d3b000 JavaThread "Finalizer" daemon [_thread_blocked, id=10924, stack(0x0000000018c10000,0x0000000018d10000)]
  0x000000001799a000 JavaThread "Reference Handler" daemon [_thread_blocked, id=12956, stack(0x0000000018b10000,0x0000000018c10000)]
=>0x0000000002c47000 JavaThread "main" [_thread_in_native, id=11032, stack(0x0000000002b40000,0x0000000002c40000)]

Other Threads:
  0x0000000017977000 VMThread [stack: 0x0000000018a10000,0x0000000018b10000] [id=3528]
  0x000000001989d000 WatcherThread [stack: 0x000000001a310000,0x000000001a410000] [id=12712]

VM state:not at safepoint (normal execution)

VM Mutex/Monitor currently owned by a thread: None

heap address: 0x0000000081400000, size: 2028 MB, Compressed Oops mode: 32-bit
Narrow klass base: 0x0000000000000000, Narrow klass shift: 3
Compressed class space size: 1073741824 Address: 0x0000000100000000

Heap:
 PSYoungGen      total 38400K, used 14921K [0x00000000d5c00000, 0x00000000d8680000, 0x0000000100000000)
  eden space 33280K, 44% used [0x00000000d5c00000,0x00000000d6a927d8,0x00000000d7c80000)
  from space 5120K, 0% used [0x00000000d8180000,0x00000000d8180000,0x00000000d8680000)
  to   space 5120K, 0% used [0x00000000d7c80000,0x00000000d7c80000,0x00000000d8180000)
 ParOldGen       total 87552K, used 0K [0x0000000081400000, 0x0000000086980000, 0x00000000d5c00000)
  object space 87552K, 0% used [0x0000000081400000,0x0000000081400000,0x0000000086980000)
 Metaspace       used 6002K, capacity 6272K, committed 6400K, reserved 1056768K
  class space    used 632K, capacity 740K, committed 768K, reserved 1048576K

Card table byte_map: [0x0000000012200000,0x0000000012600000] byte_map_base: 0x0000000011df6000

Marking Bits: (ParMarkBitMap*) 0x000000006c3c4ce0
 Begin Bits: [0x0000000012cb0000, 0x0000000014c60000)
 End Bits:   [0x0000000014c60000, 0x0000000016c10000)

Polling page: 0x0000000000c30000

CodeCache: size=245760Kb used=2521Kb max_used=2532Kb free=243238Kb
 bounds [0x0000000002e40000, 0x00000000030c0000, 0x0000000011e40000]
 total_blobs=1252 nmethods=480 adapters=693
 compilation: enabled

Compilation events (10 events):
Event: 1.053 Thread 0x0000000019830800 nmethod 476 0x00000000030b5650 code [0x00000000030b57a0, 0x00000000030b58f0]
Event: 1.053 Thread 0x0000000019830800  477       3       java.nio.Bits::byteOrder (20 bytes)
Event: 1.053 Thread 0x0000000019830800 nmethod 477 0x00000000030b5950 code [0x00000000030b5aa0, 0x00000000030b5bf0]
Event: 1.053 Thread 0x0000000019830800  478       3       java.nio.DirectByteBuffer::ix (10 bytes)
Event: 1.053 Thread 0x0000000019830800 nmethod 478 0x00000000030b5c50 code [0x00000000030b5da0, 0x00000000030b5ef0]
Event: 1.053 Thread 0x0000000019830800  479       3       org.lwjgl.system.MemoryUtil::encodeASCII (66 bytes)
Event: 1.054 Thread 0x0000000019830800 nmethod 479 0x00000000030b5f50 code [0x00000000030b60e0, 0x00000000030b64d8]
Event: 1.328 Thread 0x000000001982c000  480  s    4       sun.misc.URLClassPath::getNextLoader (88 bytes)
Event: 1.328 Thread 0x000000001982c800  481       4       java.util.HashMap::getNode (148 bytes)
Event: 1.334 Thread 0x000000001982c800 nmethod 481 0x00000000030b95d0 code [0x00000000030b9720, 0x00000000030b9a58]

GC Heap History (0 events):
No events

Deoptimization events (1 events):
Event: 0.885 Thread 0x0000000002c47000 Uncommon trap: reason=unstable_if action=reinterpret pc=0x0000000002fe4cb0 method=java.lang.String.indexOf([CII[CIII)I @ 134

Classes redefined (0 events):
No events

Internal exceptions (10 events):
Event: 0.916 Thread 0x0000000002c47000 Exception <a 'java/security/PrivilegedActionException'> (0x00000000d6760e80) thrown at [C:\re\workspace\8-2-build-windows-amd64-cygwin\jdk8u201\12322\hotspot\src\share\vm\prims\jvm.cpp, line 1502]
Event: 0.916 Thread 0x0000000002c47000 Exception <a 'java/security/PrivilegedActionException'> (0x00000000d6761090) thrown at [C:\re\workspace\8-2-build-windows-amd64-cygwin\jdk8u201\12322\hotspot\src\share\vm\prims\jvm.cpp, line 1502]
Event: 0.917 Thread 0x0000000002c47000 Exception <a 'java/security/PrivilegedActionException'> (0x00000000d6764fa0) thrown at [C:\re\workspace\8-2-build-windows-amd64-cygwin\jdk8u201\12322\hotspot\src\share\vm\prims\jvm.cpp, line 1502]
Event: 0.917 Thread 0x0000000002c47000 Exception <a 'java/security/PrivilegedActionException'> (0x00000000d67651b0) thrown at [C:\re\workspace\8-2-build-windows-amd64-cygwin\jdk8u201\12322\hotspot\src\share\vm\prims\jvm.cpp, line 1502]
Event: 0.966 Thread 0x0000000002c47000 Exception <a 'sun/nio/fs/WindowsException'> (0x00000000d6835e08) thrown at [C:\re\workspace\8-2-build-windows-amd64-cygwin\jdk8u201\12322\hotspot\src\share\vm\prims\jni.cpp, line 709]
Event: 0.966 Thread 0x0000000002c47000 Exception <a 'sun/nio/fs/WindowsException'> (0x00000000d6838b10) thrown at [C:\re\workspace\8-2-build-windows-amd64-cygwin\jdk8u201\12322\hotspot\src\share\vm\prims\jni.cpp, line 709]
Event: 0.999 Thread 0x0000000002c47000 Exception <a 'sun/nio/fs/WindowsException'> (0x00000000d692e630) thrown at [C:\re\workspace\8-2-build-windows-amd64-cygwin\jdk8u201\12322\hotspot\src\share\vm\prims\jni.cpp, line 709]
Event: 1.000 Thread 0x0000000002c47000 Exception <a 'sun/nio/fs/WindowsException'> (0x00000000d692ed90) thrown at [C:\re\workspace\8-2-build-windows-amd64-cygwin\jdk8u201\12322\hotspot\src\share\vm\prims\jni.cpp, line 709]
Event: 1.045 Thread 0x0000000002c47000 Exception <a 'sun/nio/fs/WindowsException'> (0x00000000d6a1bbf0) thrown at [C:\re\workspace\8-2-build-windows-amd64-cygwin\jdk8u201\12322\hotspot\src\share\vm\prims\jni.cpp, line 709]
Event: 1.045 Thread 0x0000000002c47000 Exception <a 'sun/nio/fs/WindowsException'> (0x00000000d6a1c300) thrown at [C:\re\workspace\8-2-build-windows-amd64-cygwin\jdk8u201\12322\hotspot\src\share\vm\prims\jni.cpp, line 709]

Events (10 events):
Event: 1.334 Thread 0x0000000002c47000 DEOPT PACKING pc=0x000000000303fabc sp=0x0000000002c3d700
Event: 1.334 Thread 0x0000000002c47000 DEOPT UNPACKING pc=0x0000000002e87890 sp=0x0000000002c3d520 mode 1
Event: 1.334 Thread 0x0000000002c47000 DEOPT PACKING pc=0x000000000303f854 sp=0x0000000002c3d890
Event: 1.334 Thread 0x0000000002c47000 DEOPT UNPACKING pc=0x0000000002e87890 sp=0x0000000002c3d6b0 mode 1
Event: 1.335 loading class org/lwjgl/system/Struct$Layout
Event: 1.335 loading class org/lwjgl/system/Struct$Layout done
Event: 1.335 Thread 0x0000000002c47000 DEOPT PACKING pc=0x000000000303fabc sp=0x0000000002c3d600
Event: 1.335 Thread 0x0000000002c47000 DEOPT UNPACKING pc=0x0000000002e87890 sp=0x0000000002c3d420 mode 1
Event: 1.335 Thread 0x0000000002c47000 DEOPT PACKING pc=0x000000000303f854 sp=0x0000000002c3d790
Event: 1.335 Thread 0x0000000002c47000 DEOPT UNPACKING pc=0x0000000002e87890 sp=0x0000000002c3d5b0 mode 1


Dynamic libraries:
0x00007ff634410000 - 0x00007ff634447000 	C:\Program Files\Java\jdk1.8.0_201\bin\java.exe
0x00007ffe22be0000 - 0x00007ffe22dd0000 	C:\WINDOWS\SYSTEM32\ntdll.dll
0x00007ffe21550000 - 0x00007ffe21602000 	C:\WINDOWS\System32\KERNEL32.DLL
0x00007ffe20850000 - 0x00007ffe20af3000 	C:\WINDOWS\System32\KERNELBASE.dll
0x00007ffe220c0000 - 0x00007ffe22163000 	C:\WINDOWS\System32\ADVAPI32.dll
0x00007ffe22170000 - 0x00007ffe2220e000 	C:\WINDOWS\System32\msvcrt.dll
0x00007ffe20d40000 - 0x00007ffe20dd7000 	C:\WINDOWS\System32\sechost.dll
0x00007ffe22320000 - 0x00007ffe22440000 	C:\WINDOWS\System32\RPCRT4.dll
0x00007ffe21610000 - 0x00007ffe217a4000 	C:\WINDOWS\System32\USER32.dll
0x00007ffe20660000 - 0x00007ffe20681000 	C:\WINDOWS\System32\win32u.dll
0x00007ffe22090000 - 0x00007ffe220b6000 	C:\WINDOWS\System32\GDI32.dll
0x00007ffe206b0000 - 0x00007ffe20844000 	C:\WINDOWS\System32\gdi32full.dll
0x00007ffe203f0000 - 0x00007ffe2048e000 	C:\WINDOWS\System32\msvcp_win.dll
0x00007ffe202f0000 - 0x00007ffe203ea000 	C:\WINDOWS\System32\ucrtbase.dll
0x00007ffe03450000 - 0x00007ffe036d5000 	C:\WINDOWS\WinSxS\amd64_microsoft.windows.common-controls_6595b64144ccf1df_6.0.18362.657_none_e6c5b579130e3898\COMCTL32.dll
0x00007ffe22860000 - 0x00007ffe22b96000 	C:\WINDOWS\System32\combase.dll
0x00007ffe20490000 - 0x00007ffe20510000 	C:\WINDOWS\System32\bcryptPrimitives.dll
0x00007ffe22440000 - 0x00007ffe2246e000 	C:\WINDOWS\System32\IMM32.DLL
0x000000006e2a0000 - 0x000000006e371000 	C:\Program Files\Java\jdk1.8.0_201\jre\bin\msvcr100.dll
0x000000006bba0000 - 0x000000006c444000 	C:\Program Files\Java\jdk1.8.0_201\jre\bin\server\jvm.dll
0x00007ffe21540000 - 0x00007ffe21548000 	C:\WINDOWS\System32\PSAPI.DLL
0x00007ffe17ab0000 - 0x00007ffe17aba000 	C:\WINDOWS\SYSTEM32\VERSION.dll
0x00007ffe1d2a0000 - 0x00007ffe1d2c4000 	C:\WINDOWS\SYSTEM32\WINMM.dll
0x00007ffe087f0000 - 0x00007ffe087f9000 	C:\WINDOWS\SYSTEM32\WSOCK32.dll
0x00007ffe1d270000 - 0x00007ffe1d29d000 	C:\WINDOWS\SYSTEM32\winmmbase.dll
0x00007ffe20b00000 - 0x00007ffe20b4a000 	C:\WINDOWS\System32\cfgmgr32.dll
0x00007ffe22020000 - 0x00007ffe2208f000 	C:\WINDOWS\System32\WS2_32.dll
0x00007ffe1bf70000 - 0x00007ffe1bf7f000 	C:\Program Files\Java\jdk1.8.0_201\jre\bin\verify.dll
0x00007ffe11fc0000 - 0x00007ffe11fe9000 	C:\Program Files\Java\jdk1.8.0_201\jre\bin\java.dll
0x00007ffe11f80000 - 0x00007ffe11fb5000 	C:\Program Files\Java\jdk1.8.0_201\jre\bin\jdwp.dll
0x00007ffe1d380000 - 0x00007ffe1d388000 	C:\Program Files\Java\jdk1.8.0_201\jre\bin\npt.dll
0x00007ffe1be70000 - 0x00007ffe1be93000 	C:\Program Files\Java\jdk1.8.0_201\jre\bin\instrument.dll
0x00007ffe11f40000 - 0x00007ffe11f56000 	C:\Program Files\Java\jdk1.8.0_201\jre\bin\zip.dll
0x00007ffe20e50000 - 0x00007ffe21535000 	C:\WINDOWS\System32\SHELL32.dll
0x00007ffe22270000 - 0x00007ffe22319000 	C:\WINDOWS\System32\shcore.dll
0x00007ffe1fb70000 - 0x00007ffe202ef000 	C:\WINDOWS\System32\windows.storage.dll
0x00007ffe1fb30000 - 0x00007ffe1fb4f000 	C:\WINDOWS\System32\profapi.dll
0x00007ffe1fac0000 - 0x00007ffe1fb0a000 	C:\WINDOWS\System32\powrprof.dll
0x00007ffe1fab0000 - 0x00007ffe1fac0000 	C:\WINDOWS\System32\UMPDC.dll
0x00007ffe21a00000 - 0x00007ffe21a52000 	C:\WINDOWS\System32\shlwapi.dll
0x00007ffe1fb50000 - 0x00007ffe1fb61000 	C:\WINDOWS\System32\kernel.appcore.dll
0x00007ffe20690000 - 0x00007ffe206a7000 	C:\WINDOWS\System32\cryptsp.dll
0x00007ffe1bf30000 - 0x00007ffe1bf39000 	C:\Program Files\Java\jdk1.8.0_201\jre\bin\dt_socket.dll
0x00007ffe1f2c0000 - 0x00007ffe1f327000 	C:\WINDOWS\system32\mswsock.dll
0x00007ffe10a60000 - 0x00007ffe10a7a000 	C:\Program Files\Java\jdk1.8.0_201\jre\bin\net.dll
0x00007ffe11120000 - 0x00007ffe112f6000 	C:\WINDOWS\SYSTEM32\urlmon.dll
0x00007ffe10e70000 - 0x00007ffe11116000 	C:\WINDOWS\SYSTEM32\iertutil.dll
0x00007ffe1f4f0000 - 0x00007ffe1f4fc000 	C:\WINDOWS\SYSTEM32\CRYPTBASE.DLL
0x00007ffe027b0000 - 0x00007ffe027c1000 	C:\Program Files\Java\jdk1.8.0_201\jre\bin\nio.dll
0x00007ffe11e90000 - 0x00007ffe11ef4000 	C:\Users\priya\AppData\Local\Temp\lwjglpriyanakar\3.2.3-build-13\lwjgl.dll
0x00007ffdd5740000 - 0x00007ffdd5993000 	C:\Users\priya\AppData\Local\Temp\lwjglpriyanakar\3.2.3-build-13\jemalloc.dll
0x00007ffe109d0000 - 0x00007ffe10a32000 	C:\Users\priya\AppData\Local\Temp\lwjglpriyanakar\3.2.3-build-13\glfw.dll
0x00007ffe1d900000 - 0x00007ffe1d999000 	C:\WINDOWS\system32\uxtheme.dll
0x00007ffe11e40000 - 0x00007ffe11e83000 	C:\WINDOWS\SYSTEM32\dinput8.dll
0x00007ffe19c60000 - 0x00007ffe19c71000 	C:\WINDOWS\SYSTEM32\xinput1_4.dll
0x00007ffe1f8d0000 - 0x00007ffe1f8fa000 	C:\WINDOWS\SYSTEM32\DEVOBJ.dll
0x00007ffe1dd20000 - 0x00007ffe1dd4d000 	C:\WINDOWS\SYSTEM32\dwmapi.dll
0x00007ffe17e70000 - 0x00007ffe17f8a000 	C:\WINDOWS\SYSTEM32\inputhost.dll
0x00007ffe1d700000 - 0x00007ffe1d7d4000 	C:\WINDOWS\SYSTEM32\CoreMessaging.dll
0x00007ffe19390000 - 0x00007ffe196ba000 	C:\WINDOWS\SYSTEM32\CoreUIComponents.dll
0x00007ffe1e190000 - 0x00007ffe1e27f000 	C:\WINDOWS\SYSTEM32\PROPSYS.dll
0x00007ffe21930000 - 0x00007ffe219f4000 	C:\WINDOWS\System32\OLEAUT32.dll
0x00007ffe1a420000 - 0x00007ffe1a573000 	C:\WINDOWS\SYSTEM32\wintypes.dll
0x00007ffe1eae0000 - 0x00007ffe1eb11000 	C:\WINDOWS\SYSTEM32\ntmarta.dll
0x00007ffe21ed0000 - 0x00007ffe22005000 	C:\WINDOWS\System32\MSCTF.dll
0x00007ffe1e330000 - 0x00007ffe1e33e000 	C:\WINDOWS\SYSTEM32\HID.DLL
0x00007ffe21a60000 - 0x00007ffe21ed0000 	C:\WINDOWS\System32\SETUPAPI.DLL
0x00007ffe20c60000 - 0x00007ffe20c86000 	C:\WINDOWS\System32\bcrypt.dll
0x00007ffe20c00000 - 0x00007ffe20c5c000 	C:\WINDOWS\System32\WINTRUST.dll
0x00007ffe1fb10000 - 0x00007ffe1fb22000 	C:\WINDOWS\System32\MSASN1.dll
0x00007ffe20510000 - 0x00007ffe20659000 	C:\WINDOWS\System32\CRYPT32.dll
0x00007ffde6950000 - 0x00007ffde6aa6000 	C:\WINDOWS\SYSTEM32\opengl32.dll
0x00007ffe11e00000 - 0x00007ffe11e2c000 	C:\WINDOWS\SYSTEM32\GLU32.dll
0x00007ffe1e390000 - 0x00007ffe1e3b0000 	C:\WINDOWS\SYSTEM32\dxcore.dll
0x00007ffe109a0000 - 0x00007ffe109c5000 	C:\WINDOWS\System32\DriverStore\FileRepository\c0326217.inf_amd64_d3ae36c46c1f8340\B324667\atig6pxx.dll
0x00000000698d0000 - 0x000000006bba0000 	C:\WINDOWS\System32\DriverStore\FileRepository\c0326217.inf_amd64_d3ae36c46c1f8340\B324667\atio6axx.dll
0x00007ffe224d0000 - 0x00007ffe22626000 	C:\WINDOWS\System32\ole32.dll
0x00007ffe16540000 - 0x00007ffe16563000 	C:\WINDOWS\SYSTEM32\dxva2.dll
0x00007ffe08420000 - 0x00007ffe08457000 	C:\WINDOWS\System32\DriverStore\FileRepository\c0326217.inf_amd64_d3ae36c46c1f8340\B324667\atig6txx.dll
0x00007ffdf0d10000 - 0x00007ffdf0e80000 	C:\WINDOWS\SYSTEM32\atiadlxx.dll
0x00007ffe1f9a0000 - 0x00007ffe1f9c5000 	C:\WINDOWS\SYSTEM32\USERENV.dll
0x00007ffe1b710000 - 0x00007ffe1b723000 	C:\WINDOWS\SYSTEM32\WTSAPI32.dll
0x00007ffe1a020000 - 0x00007ffe1a0be000 	C:\WINDOWS\System32\TextInputFramework.dll
0x00007ffe1e4d0000 - 0x00007ffe1e6c4000 	C:\WINDOWS\SYSTEM32\dbghelp.dll

VM Arguments:
jvm_args: -agentlib:jdwp=transport=dt_socket,address=127.0.0.1:59008,suspend=y,server=n -javaagent:C:\Users\priya\.IdeaIC2019.3\system\captureAgent\debugger-agent.jar -Dfile.encoding=UTF-8 
java_command: GameTester.GameLoop
java_class_path (initial): C:\Program Files\Java\jdk1.8.0_201\jre\lib\charsets.jar;C:\Program Files\Java\jdk1.8.0_201\jre\lib\deploy.jar;C:\Program Files\Java\jdk1.8.0_201\jre\lib\ext\access-bridge-64.jar;C:\Program Files\Java\jdk1.8.0_201\jre\lib\ext\cldrdata.jar;C:\Program Files\Java\jdk1.8.0_201\jre\lib\ext\dnsns.jar;C:\Program Files\Java\jdk1.8.0_201\jre\lib\ext\jaccess.jar;C:\Program Files\Java\jdk1.8.0_201\jre\lib\ext\jfxrt.jar;C:\Program Files\Java\jdk1.8.0_201\jre\lib\ext\localedata.jar;C:\Program Files\Java\jdk1.8.0_201\jre\lib\ext\nashorn.jar;C:\Program Files\Java\jdk1.8.0_201\jre\lib\ext\sunec.jar;C:\Program Files\Java\jdk1.8.0_201\jre\lib\ext\sunjce_provider.jar;C:\Program Files\Java\jdk1.8.0_201\jre\lib\ext\sunmscapi.jar;C:\Program Files\Java\jdk1.8.0_201\jre\lib\ext\sunpkcs11.jar;C:\Program Files\Java\jdk1.8.0_201\jre\lib\ext\zipfs.jar;C:\Program Files\Java\jdk1.8.0_201\jre\lib\javaws.jar;C:\Program Files\Java\jdk1.8.0_201\jre\lib\jce.jar;C:\Program Files\Java\jdk1.8.0_201\jre\lib\jfr.jar;C:\Program Files\Java\jdk1.8.0_201\jre\lib\jfxswt.jar;C:\Program Files\Java\jdk1.8.0_201\jre\lib\jsse.jar;C:\Program Files\Java\jdk1.8.0_201\jre\lib\management-agent.jar;C:\Program Files\Java\jdk1.8.0_201\jre\lib\plugin.jar;C:\Program Files\Java\jdk1.8.0_201\jre\lib\resources.jar;C:\Program Files\Java\jdk1.8.0_201\jre\lib\rt.jar;G:\Engine_v_1.0\engine\out\production\engine;G:\Engine_v_1.0\engine\lib\lwjgl.jar;G:\Engine_v_1.0\engine\lib\lwjgl-egl.jar;G:\Engine_v_1.0\engine\lib\lwjgl-lz4.jar;G:\Engine_v_1.0\engine\lib\lwjgl-nfd.jar;G:\Engine_v_1.0\engine\lib\lwjgl-ovr.jar;G:\Engine_v_1.0\engine\lib\lwjgl-par.jar;G:\Engine_v_1.0\engine\lib\lwjgl-sse.jar;G:\Engine_v_1.0\engine\lib\lwjgl-stb.jar;G:\Engine_v_1.0\engine\lib\lwjgl-vma.jar;G:\Engine_v_1.0\engine\lib\lwjgl-bgfx.jar;G:\Engine_v_1.0\engine\lib\lwjgl-cuda.jar;G:\Engine_v_1.0\engine\lib\lwjgl-glfw.jar;G:\Engine_v_1.0\engine\lib\lwjgl-jawt.jar;G:\Engine_v_1.0\engine\lib\lwjgl-llvm.jar;G:\Engine_v_1.0\engine\lib\lw
Launcher Type: SUN_STANDARD

Environment Variables:
JAVA_HOME=C:\Program Files\Java\jdk1.8.0_201
JRE_HOME=C:\Program Files\Java\jdk1.8.0_201
CLASSPATH=C:\Program Files\Java\jdk1.8.0_201\bin;C:\Program Files\Java\jre1.8.0_201\bin;C:\Program Files\CMake\bin;C:\Users\priya\AppData\Local\Programs\Python\Python37-32\Scripts;C:\Users\priya\AppData\Local\Programs\Python\Python37-32;
PATH=C:\Python27\;C:\Python27\Scripts;C:\Program Files (x86)\NVIDIA Corporation\PhysX\Common;C:\Program Files (x86)\Common Files\Oracle\Java\javapath;C:\Program Files (x86)\Intel\Intel(R) Management Engine Components\iCLS\;C:\Program Files\Intel\Intel(R) Management Engine Components\iCLS\;C:\WINDOWS\system32;C:\WINDOWS;C:\WINDOWS\System32\Wbem;C:\WINDOWS\System32\WindowsPowerShell\v1.0\;C:\WINDOWS\System32\OpenSSH\;C:\Program Files\Intel\WiFi\bin\;C:\Program Files\Common Files\Intel\WirelessCommon\;C:\Program Files (x86)\Intel\Intel(R) Management Engine Components\DAL;C:\Program Files\Intel\Intel(R) Management Engine Components\DAL;C:\Program Files\Java\jre1.8.0_201\bin;C:\Program Files\Java\jdk1.8.0_201\bin;C:\Users\priya\AppData\Local\Programs\Python\Python37-32\Scripts;C:\Users\priya\AppData\Local\Programs\Python\Python37-32;C:\Program Files\nodejs\;C:\ProgramData\chocolatey\bin;C:\xampp\php;C:\ProgramData\ComposerSetup\bin;C:\Program Files (x86)\Brackets\command;C:\Users\priya\AppData\Local\Programs\Microsoft VS Code\bin;C:\Users\priya\AppData\Local\Programs\Python\Python37-32\Scripts;C:\Users\priya\AppData\Local\Programs\Python\Python37-32;C:\Users\priya\AppData\Roaming\npm;C:\Users\priya\AppData\Roaming\Composer\vendor\bin;C:\Program Files\JetBrains\IntelliJ IDEA Community Edition 2019.3.3\bin;
USERNAME=priyanakar
OS=Windows_NT
PROCESSOR_IDENTIFIER=Intel64 Family 6 Model 142 Stepping 9, GenuineIntel



---------------  S Y S T E M  ---------------

OS: Windows 10.0 , 64 bit Build 18362 (10.0.18362.329)

CPU:total 4 (initial active 4) (2 cores per cpu, 2 threads per core) family 6 model 142 stepping 9, cmov, cx8, fxsr, mmx, sse, sse2, sse3, ssse3, sse4.1, sse4.2, popcnt, avx, avx2, aes, clmul, erms, 3dnowpref, lzcnt, ht, tsc, tscinvbit, bmi1, bmi2, adx

Memory: 4k page, physical 8303436k(2056984k free), swap 12077192k(2384708k free)

vm_info: Java HotSpot(TM) 64-Bit Server VM (25.201-b09) for windows-amd64 JRE (1.8.0_201-b09), built on Dec 15 2018 18:36:39 by "java_re" with MS VC++ 10.0 (VS2010)

time: Wed Mar 04 13:12:06 2020
timezone: India Standard Time
elapsed time: 1 seconds (0d 0h 0m 1s)

